C:\USERS\JEROME\DESKTOP\DEATHLEAK\DX10EXAMPLES\X64\DEBUG\DEATHLEAK.PCH
C:\USERS\JEROME\DESKTOP\DEATHLEAK\DX10EXAMPLES\X64\DEBUG\PRECOMPILED.OBJ
C:\USERS\JEROME\DESKTOP\DEATHLEAK\DX10EXAMPLES\X64\DEBUG\VC110.PDB
C:\USERS\JEROME\DESKTOP\DEATHLEAK\DX10EXAMPLES\X64\DEBUG\DXWINDOW.OBJ
C:\USERS\JEROME\DESKTOP\DEATHLEAK\DX10EXAMPLES\X64\DEBUG\SDKMISC.OBJ
C:\USERS\JEROME\DESKTOP\DEATHLEAK\DX10EXAMPLES\X64\DEBUG\SDKMESH.OBJ
C:\USERS\JEROME\DESKTOP\DEATHLEAK\DX10EXAMPLES\X64\DEBUG\DXUTMISC.OBJ
C:\USERS\JEROME\DESKTOP\DEATHLEAK\DX10EXAMPLES\X64\DEBUG\DXUTENUM.OBJ
C:\USERS\JEROME\DESKTOP\DEATHLEAK\DX10EXAMPLES\X64\DEBUG\DXUT.OBJ
C:\USERS\JEROME\DESKTOP\DEATHLEAK\DX10EXAMPLES\X64\DEBUG\CUBE.OBJ
C:\USERS\JEROME\DESKTOP\DEATHLEAK\DX10EXAMPLES\X64\DEBUG\COLLISIONMANAGER.OBJ
C:\USERS\JEROME\DESKTOP\DEATHLEAK\DX10EXAMPLES\X64\DEBUG\CHARACTER.OBJ
C:\USERS\JEROME\DESKTOP\DEATHLEAK\DX10EXAMPLES\X64\DEBUG\CAMERA2D.OBJ
C:\USERS\JEROME\DESKTOP\DEATHLEAK\DX10EXAMPLES\X64\DEBUG\BOMBPROJECTILE.OBJ
C:\USERS\JEROME\DESKTOP\DEATHLEAK\DX10EXAMPLES\X64\DEBUG\BLACKHOLE.OBJ
C:\USERS\JEROME\DESKTOP\DEATHLEAK\DX10EXAMPLES\X64\DEBUG\BASICLIGHT.OBJ
C:\USERS\JEROME\DESKTOP\DEATHLEAK\DX10EXAMPLES\X64\DEBUG\AUDIOOBJECT.OBJ
C:\USERS\JEROME\DESKTOP\DEATHLEAK\DX10EXAMPLES\X64\DEBUG\AUDIOMANAGER.OBJ
C:\USERS\JEROME\DESKTOP\DEATHLEAK\DX10EXAMPLES\X64\DEBUG\ANIMATIONSEQUENCE.OBJ
C:\USERS\JEROME\DESKTOP\DEATHLEAK\DX10EXAMPLES\X64\DEBUG\ANIMATIONPART.OBJ
C:\USERS\JEROME\DESKTOP\DEATHLEAK\DX10EXAMPLES\X64\DEBUG\ANIMATION.OBJ
C:\USERS\JEROME\DESKTOP\DEATHLEAK\DX10EXAMPLES\X64\DEBUG\AISTATEFOLLOW.OBJ
C:\USERS\JEROME\DESKTOP\DEATHLEAK\DX10EXAMPLES\X64\DEBUG\AISTATE.OBJ
C:\USERS\JEROME\DESKTOP\DEATHLEAK\DX10EXAMPLES\X64\DEBUG\GAMEOBJECTMANAGER.OBJ
C:\USERS\JEROME\DESKTOP\DEATHLEAK\DX10EXAMPLES\X64\DEBUG\GAMEOBJECT.OBJ
C:\USERS\JEROME\DESKTOP\DEATHLEAK\DX10EXAMPLES\X64\DEBUG\GAME.OBJ
C:\USERS\JEROME\DESKTOP\DEATHLEAK\DX10EXAMPLES\X64\DEBUG\FALLINGPLATFORM.OBJ
C:\USERS\JEROME\DESKTOP\DEATHLEAK\DX10EXAMPLES\X64\DEBUG\EXPLOSION.OBJ
C:\USERS\JEROME\DESKTOP\DEATHLEAK\DX10EXAMPLES\X64\DEBUG\ENVIRONMENT.OBJ
C:\USERS\JEROME\DESKTOP\DEATHLEAK\DX10EXAMPLES\X64\DEBUG\EFFECTSEPIA.OBJ
C:\USERS\JEROME\DESKTOP\DEATHLEAK\DX10EXAMPLES\X64\DEBUG\EFFECTREFLECTION.OBJ
C:\USERS\JEROME\DESKTOP\DEATHLEAK\DX10EXAMPLES\X64\DEBUG\EFFECTPARTICLESPRAY.OBJ
C:\USERS\JEROME\DESKTOP\DEATHLEAK\DX10EXAMPLES\X64\DEBUG\EFFECTNOISE.OBJ
C:\USERS\JEROME\DESKTOP\DEATHLEAK\DX10EXAMPLES\X64\DEBUG\EFFECTMONOCHROMERED.OBJ
C:\USERS\JEROME\DESKTOP\DEATHLEAK\DX10EXAMPLES\X64\DEBUG\EFFECTMONOCHROME.OBJ
C:\USERS\JEROME\DESKTOP\DEATHLEAK\DX10EXAMPLES\X64\DEBUG\EFFECTMANAGER.OBJ
C:\USERS\JEROME\DESKTOP\DEATHLEAK\DX10EXAMPLES\X64\DEBUG\EFFECTLIGHTTEXTUREVERTEXWOBBLE.OBJ
C:\USERS\JEROME\DESKTOP\DEATHLEAK\DX10EXAMPLES\X64\DEBUG\EFFECTLIGHTTEXTUREPIXELWOBBLE.OBJ
C:\USERS\JEROME\DESKTOP\DEATHLEAK\DX10EXAMPLES\X64\DEBUG\EFFECTLIGHTTEXTUREBUMP.OBJ
C:\USERS\JEROME\DESKTOP\DEATHLEAK\DX10EXAMPLES\X64\DEBUG\EFFECTLIGHTTEXTURE.OBJ
C:\USERS\JEROME\DESKTOP\DEATHLEAK\DX10EXAMPLES\X64\DEBUG\EFFECTBLOODPARTICLESPRAY.OBJ
C:\USERS\JEROME\DESKTOP\DEATHLEAK\DX10EXAMPLES\X64\DEBUG\EFFECTBASIC.OBJ
C:\USERS\JEROME\DESKTOP\DEATHLEAK\DX10EXAMPLES\X64\DEBUG\DRAWABLEOBJECT.OBJ
C:\USERS\JEROME\DESKTOP\DEATHLEAK\DX10EXAMPLES\X64\DEBUG\RABBIT.OBJ
C:\USERS\JEROME\DESKTOP\DEATHLEAK\DX10EXAMPLES\X64\DEBUG\PROJECTILE.OBJ
C:\USERS\JEROME\DESKTOP\DEATHLEAK\DX10EXAMPLES\X64\DEBUG\PLAYER.OBJ
C:\USERS\JEROME\DESKTOP\DEATHLEAK\DX10EXAMPLES\X64\DEBUG\PLATFORM.OBJ
C:\USERS\JEROME\DESKTOP\DEATHLEAK\DX10EXAMPLES\X64\DEBUG\PATHINGPLATFORM.OBJ
C:\USERS\JEROME\DESKTOP\DEATHLEAK\DX10EXAMPLES\X64\DEBUG\PARTICLESPRAY.OBJ
C:\USERS\JEROME\DESKTOP\DEATHLEAK\DX10EXAMPLES\X64\DEBUG\PARTICLEEMITTERMANAGER.OBJ
C:\USERS\JEROME\DESKTOP\DEATHLEAK\DX10EXAMPLES\X64\DEBUG\PARALLAXLAYER.OBJ
C:\USERS\JEROME\DESKTOP\DEATHLEAK\DX10EXAMPLES\X64\DEBUG\ORB.OBJ
C:\USERS\JEROME\DESKTOP\DEATHLEAK\DX10EXAMPLES\X64\DEBUG\NINJASPAWNER.OBJ
C:\USERS\JEROME\DESKTOP\DEATHLEAK\DX10EXAMPLES\X64\DEBUG\NPCMANAGER.OBJ
C:\USERS\JEROME\DESKTOP\DEATHLEAK\DX10EXAMPLES\X64\DEBUG\NPC.OBJ
C:\USERS\JEROME\DESKTOP\DEATHLEAK\DX10EXAMPLES\X64\DEBUG\MOVINGSPRITE.OBJ
C:\USERS\JEROME\DESKTOP\DEATHLEAK\DX10EXAMPLES\X64\DEBUG\MESH.OBJ
C:\USERS\JEROME\DESKTOP\DEATHLEAK\DX10EXAMPLES\X64\DEBUG\MATERIALMANAGER.OBJ
C:\USERS\JEROME\DESKTOP\DEATHLEAK\DX10EXAMPLES\X64\DEBUG\MATERIAL.OBJ
C:\USERS\JEROME\DESKTOP\DEATHLEAK\DX10EXAMPLES\X64\DEBUG\LEVELTRIGGER.OBJ
C:\USERS\JEROME\DESKTOP\DEATHLEAK\DX10EXAMPLES\X64\DEBUG\LEVELEDITOR.OBJ
C:\USERS\JEROME\DESKTOP\DEATHLEAK\DX10EXAMPLES\X64\DEBUG\GRAPHICS.OBJ
C:\USERS\JEROME\DESKTOP\DEATHLEAK\DX10EXAMPLES\X64\DEBUG\GAMEPAD.OBJ
C:\USERS\JEROME\DESKTOP\DEATHLEAK\DX10EXAMPLES\X64\DEBUG\WEATHERMANAGER.OBJ
C:\USERS\JEROME\DESKTOP\DEATHLEAK\DX10EXAMPLES\X64\DEBUG\WATERBLOCK.OBJ
C:\USERS\JEROME\DESKTOP\DEATHLEAK\DX10EXAMPLES\X64\DEBUG\VECTOR4.OBJ
C:\USERS\JEROME\DESKTOP\DEATHLEAK\DX10EXAMPLES\X64\DEBUG\VECTOR3.OBJ
C:\USERS\JEROME\DESKTOP\DEATHLEAK\DX10EXAMPLES\X64\DEBUG\VECTOR2.OBJ
C:\USERS\JEROME\DESKTOP\DEATHLEAK\DX10EXAMPLES\X64\DEBUG\UIWIDGET.OBJ
C:\USERS\JEROME\DESKTOP\DEATHLEAK\DX10EXAMPLES\X64\DEBUG\UISPRITE.OBJ
C:\USERS\JEROME\DESKTOP\DEATHLEAK\DX10EXAMPLES\X64\DEBUG\UISCREEN.OBJ
C:\USERS\JEROME\DESKTOP\DEATHLEAK\DX10EXAMPLES\X64\DEBUG\UIMETER.OBJ
C:\USERS\JEROME\DESKTOP\DEATHLEAK\DX10EXAMPLES\X64\DEBUG\UIMANAGER.OBJ
C:\USERS\JEROME\DESKTOP\DEATHLEAK\DX10EXAMPLES\X64\DEBUG\UIGAMEHUDSCREEN.OBJ
C:\USERS\JEROME\DESKTOP\DEATHLEAK\DX10EXAMPLES\X64\DEBUG\UICHECKBOX.OBJ
C:\USERS\JEROME\DESKTOP\DEATHLEAK\DX10EXAMPLES\X64\DEBUG\UIBUTTON.OBJ
C:\USERS\JEROME\DESKTOP\DEATHLEAK\DX10EXAMPLES\X64\DEBUG\UIANIMATEDSPRITE.OBJ
C:\USERS\JEROME\DESKTOP\DEATHLEAK\DX10EXAMPLES\X64\DEBUG\TIMING.OBJ
C:\USERS\JEROME\DESKTOP\DEATHLEAK\DX10EXAMPLES\X64\DEBUG\TEXTUREMANAGER.OBJ
C:\USERS\JEROME\DESKTOP\DEATHLEAK\DX10EXAMPLES\X64\DEBUG\SPRITE.OBJ
C:\USERS\JEROME\DESKTOP\DEATHLEAK\DX10EXAMPLES\X64\DEBUG\SOLIDMOVINGSPRITE.OBJ
C:\USERS\JEROME\DESKTOP\DEATHLEAK\DX10EXAMPLES\X64\DEBUG\SIMPLEFONTMANAGER.OBJ
C:\USERS\JEROME\DESKTOP\DEATHLEAK\DX10EXAMPLES\X64\DEBUG\SCREENALIGNEDTEXTURE.OBJ
C:\USERS\JEROME\DESKTOP\DEATHLEAK\DX10EXAMPLES\X64\DEBUG\TINYXMLPARSER.OBJ
C:\USERS\JEROME\DESKTOP\DEATHLEAK\DX10EXAMPLES\X64\DEBUG\TINYXMLERROR.OBJ
C:\USERS\JEROME\DESKTOP\DEATHLEAK\DX10EXAMPLES\X64\DEBUG\TINYXML.OBJ
C:\USERS\JEROME\DESKTOP\DEATHLEAK\DX10EXAMPLES\X64\DEBUG\TINYSTR.OBJ
C:\USERS\JEROME\DESKTOP\DEATHLEAK\DX10EXAMPLES\X64\DEBUG\PROGRAM.OBJ
C:\USERS\JEROME\DESKTOP\DEATHLEAK\DX10EXAMPLES\X64\DEBUG\XMLDOCUMENT.OBJ
C:\USERS\JEROME\DESKTOP\DEATHLEAK\X64\DEBUG\DEATHLEAK.ILK
C:\USERS\JEROME\DESKTOP\DEATHLEAK\X64\DEBUG\DEATHLEAK.EXE
C:\USERS\JEROME\DESKTOP\DEATHLEAK\X64\DEBUG\DEATHLEAK.PDB
C:\Users\jerome\Desktop\DeathLeak\dx10examples\x64\Debug\AIState.obj
C:\Users\jerome\Desktop\DeathLeak\dx10examples\x64\Debug\AIStateFollow.obj
C:\Users\jerome\Desktop\DeathLeak\dx10examples\x64\Debug\Animation.obj
C:\Users\jerome\Desktop\DeathLeak\dx10examples\x64\Debug\AnimationPart.obj
C:\Users\jerome\Desktop\DeathLeak\dx10examples\x64\Debug\AnimationSequence.obj
C:\Users\jerome\Desktop\DeathLeak\dx10examples\x64\Debug\AudioManager.obj
C:\Users\jerome\Desktop\DeathLeak\dx10examples\x64\Debug\AudioObject.obj
C:\Users\jerome\Desktop\DeathLeak\dx10examples\x64\Debug\BasicLight.obj
C:\Users\jerome\Desktop\DeathLeak\dx10examples\x64\Debug\BlackHole.obj
C:\Users\jerome\Desktop\DeathLeak\dx10examples\x64\Debug\BombProjectile.obj
C:\Users\jerome\Desktop\DeathLeak\dx10examples\x64\Debug\Camera2D.obj
C:\Users\jerome\Desktop\DeathLeak\dx10examples\x64\Debug\Character.obj
C:\Users\jerome\Desktop\DeathLeak\dx10examples\x64\Debug\CollisionManager.obj
C:\Users\jerome\Desktop\DeathLeak\dx10examples\x64\Debug\Cube.obj
C:\Users\jerome\Desktop\DeathLeak\dx10examples\x64\Debug\DrawableObject.obj
C:\Users\jerome\Desktop\DeathLeak\dx10examples\x64\Debug\DXUT.obj
C:\Users\jerome\Desktop\DeathLeak\dx10examples\x64\Debug\DXUTenum.obj
C:\Users\jerome\Desktop\DeathLeak\dx10examples\x64\Debug\DXUTmisc.obj
C:\Users\jerome\Desktop\DeathLeak\dx10examples\x64\Debug\DXWindow.obj
C:\Users\jerome\Desktop\DeathLeak\dx10examples\x64\Debug\EffectBasic.obj
C:\Users\jerome\Desktop\DeathLeak\dx10examples\x64\Debug\EffectBloodParticleSpray.obj
C:\Users\jerome\Desktop\DeathLeak\dx10examples\x64\Debug\EffectLightTexture.obj
C:\Users\jerome\Desktop\DeathLeak\dx10examples\x64\Debug\EffectLightTextureBump.obj
C:\Users\jerome\Desktop\DeathLeak\dx10examples\x64\Debug\EffectLightTexturePixelWobble.obj
C:\Users\jerome\Desktop\DeathLeak\dx10examples\x64\Debug\EffectLightTextureVertexWobble.obj
C:\Users\jerome\Desktop\DeathLeak\dx10examples\x64\Debug\EffectManager.obj
C:\Users\jerome\Desktop\DeathLeak\dx10examples\x64\Debug\EffectMonochrome.obj
C:\Users\jerome\Desktop\DeathLeak\dx10examples\x64\Debug\EffectMonochromeRed.obj
C:\Users\jerome\Desktop\DeathLeak\dx10examples\x64\Debug\EffectNoise.obj
C:\Users\jerome\Desktop\DeathLeak\dx10examples\x64\Debug\EffectParticleSpray.obj
C:\Users\jerome\Desktop\DeathLeak\dx10examples\x64\Debug\EffectReflection.obj
C:\Users\jerome\Desktop\DeathLeak\dx10examples\x64\Debug\EffectSepia.obj
C:\Users\jerome\Desktop\DeathLeak\dx10examples\x64\Debug\Environment.obj
C:\Users\jerome\Desktop\DeathLeak\dx10examples\x64\Debug\Explosion.obj
C:\Users\jerome\Desktop\DeathLeak\dx10examples\x64\Debug\FallingPlatform.obj
C:\Users\jerome\Desktop\DeathLeak\dx10examples\x64\Debug\Game.obj
C:\Users\jerome\Desktop\DeathLeak\dx10examples\x64\Debug\GameObject.obj
C:\Users\jerome\Desktop\DeathLeak\dx10examples\x64\Debug\GameObjectManager.obj
C:\Users\jerome\Desktop\DeathLeak\dx10examples\x64\Debug\GamePad.obj
C:\Users\jerome\Desktop\DeathLeak\dx10examples\x64\Debug\Graphics.obj
C:\Users\jerome\Desktop\DeathLeak\dx10examples\x64\Debug\LevelEditor.obj
C:\Users\jerome\Desktop\DeathLeak\dx10examples\x64\Debug\LevelTrigger.obj
C:\Users\jerome\Desktop\DeathLeak\dx10examples\x64\Debug\Material.obj
C:\Users\jerome\Desktop\DeathLeak\dx10examples\x64\Debug\MaterialManager.obj
C:\Users\jerome\Desktop\DeathLeak\dx10examples\x64\Debug\Mesh.obj
C:\Users\jerome\Desktop\DeathLeak\dx10examples\x64\Debug\MovingSprite.obj
C:\Users\jerome\Desktop\DeathLeak\dx10examples\x64\Debug\NinjaSpawner.obj
C:\Users\jerome\Desktop\DeathLeak\dx10examples\x64\Debug\NPC.obj
C:\Users\jerome\Desktop\DeathLeak\dx10examples\x64\Debug\NPCManager.obj
C:\Users\jerome\Desktop\DeathLeak\dx10examples\x64\Debug\Orb.obj
C:\Users\jerome\Desktop\DeathLeak\dx10examples\x64\Debug\ParallaxLayer.obj
C:\Users\jerome\Desktop\DeathLeak\dx10examples\x64\Debug\ParticleEmitterManager.obj
C:\Users\jerome\Desktop\DeathLeak\dx10examples\x64\Debug\ParticleSpray.obj
C:\Users\jerome\Desktop\DeathLeak\dx10examples\x64\Debug\PathingPlatform.obj
C:\Users\jerome\Desktop\DeathLeak\dx10examples\x64\Debug\Platform.obj
C:\Users\jerome\Desktop\DeathLeak\dx10examples\x64\Debug\Player.obj
C:\Users\jerome\Desktop\DeathLeak\dx10examples\x64\Debug\precompiled.obj
C:\Users\jerome\Desktop\DeathLeak\dx10examples\x64\Debug\program.obj
C:\Users\jerome\Desktop\DeathLeak\dx10examples\x64\Debug\Projectile.obj
C:\Users\jerome\Desktop\DeathLeak\dx10examples\x64\Debug\Rabbit.obj
C:\Users\jerome\Desktop\DeathLeak\dx10examples\x64\Debug\ScreenAlignedTexture.obj
C:\Users\jerome\Desktop\DeathLeak\dx10examples\x64\Debug\SDKmesh.obj
C:\Users\jerome\Desktop\DeathLeak\dx10examples\x64\Debug\SDKmisc.obj
C:\Users\jerome\Desktop\DeathLeak\dx10examples\x64\Debug\SimpleFontManager.obj
C:\Users\jerome\Desktop\DeathLeak\dx10examples\x64\Debug\SolidMovingSprite.obj
C:\Users\jerome\Desktop\DeathLeak\dx10examples\x64\Debug\Sprite.obj
C:\Users\jerome\Desktop\DeathLeak\dx10examples\x64\Debug\TextureManager.obj
C:\Users\jerome\Desktop\DeathLeak\dx10examples\x64\Debug\Timing.obj
C:\Users\jerome\Desktop\DeathLeak\dx10examples\x64\Debug\tinystr.obj
C:\Users\jerome\Desktop\DeathLeak\dx10examples\x64\Debug\tinyxml.obj
C:\Users\jerome\Desktop\DeathLeak\dx10examples\x64\Debug\tinyxmlerror.obj
C:\Users\jerome\Desktop\DeathLeak\dx10examples\x64\Debug\tinyxmlparser.obj
C:\Users\jerome\Desktop\DeathLeak\dx10examples\x64\Debug\UIAnimatedSprite.obj
C:\Users\jerome\Desktop\DeathLeak\dx10examples\x64\Debug\UIButton.obj
C:\Users\jerome\Desktop\DeathLeak\dx10examples\x64\Debug\UICheckbox.obj
C:\Users\jerome\Desktop\DeathLeak\dx10examples\x64\Debug\UIGameHudScreen.obj
C:\Users\jerome\Desktop\DeathLeak\dx10examples\x64\Debug\UIManager.obj
C:\Users\jerome\Desktop\DeathLeak\dx10examples\x64\Debug\UIMeter.obj
C:\Users\jerome\Desktop\DeathLeak\dx10examples\x64\Debug\UIScreen.obj
C:\Users\jerome\Desktop\DeathLeak\dx10examples\x64\Debug\UISprite.obj
C:\Users\jerome\Desktop\DeathLeak\dx10examples\x64\Debug\UIWidget.obj
C:\Users\jerome\Desktop\DeathLeak\dx10examples\x64\Debug\Vector2.obj
C:\Users\jerome\Desktop\DeathLeak\dx10examples\x64\Debug\Vector3.obj
C:\Users\jerome\Desktop\DeathLeak\dx10examples\x64\Debug\Vector4.obj
C:\Users\jerome\Desktop\DeathLeak\dx10examples\x64\Debug\WaterBlock.obj
C:\Users\jerome\Desktop\DeathLeak\dx10examples\x64\Debug\WeatherManager.obj
C:\Users\jerome\Desktop\DeathLeak\dx10examples\x64\Debug\XmlDocument.obj
C:\Users\jerome\Desktop\DeathLeak\dx10examples\x64\Debug\cl.command.1.tlog
C:\Users\jerome\Desktop\DeathLeak\dx10examples\x64\Debug\CL.read.1.tlog
C:\Users\jerome\Desktop\DeathLeak\dx10examples\x64\Debug\CL.write.1.tlog
C:\Users\jerome\Desktop\DeathLeak\dx10examples\x64\Debug\link-cvtres.read.1.tlog
C:\Users\jerome\Desktop\DeathLeak\dx10examples\x64\Debug\link-cvtres.write.1.tlog
C:\Users\jerome\Desktop\DeathLeak\dx10examples\x64\Debug\link-rc.read.1.tlog
C:\Users\jerome\Desktop\DeathLeak\dx10examples\x64\Debug\link-rc.write.1.tlog
C:\Users\jerome\Desktop\DeathLeak\dx10examples\x64\Debug\link.command.1.tlog
C:\Users\jerome\Desktop\DeathLeak\dx10examples\x64\Debug\link.read.1.tlog
C:\Users\jerome\Desktop\DeathLeak\dx10examples\x64\Debug\link.write.1.tlog
C:\Users\jerome\Desktop\DeathLeak\dx10examples\x64\Debug\DeathLeak.pch
C:\Users\jerome\Desktop\DeathLeak\dx10examples\x64\Debug\vc110.pdb
C:\Users\jerome\Desktop\DeathLeak\x64\Debug\DeathLeak.pdb
C:\Users\jerome\Desktop\DeathLeak\x64\Debug\DeathLeak.exe
C:\Users\jerome\Desktop\DeathLeak\x64\Debug\DeathLeak.ilk
